Lego_l
in_l
scriptura_l
sacra_l
,_p
Exodi_l
XVIIo_l
,_p
quod_l
quando_l
crudelis_l
tirannus_l
Amalec_l
venit_l
in_l
forti_l
manu_l
in_l
certum_l
locum_l
terre_l
promissionis_l
ad_l
pugnandum_l
contra_l
specialem_l
Dei_l
populum_l
,_p
filios_l
Israel_l
,_p
nobilis_l
miles_l
et_l
inuictus_l
conquestor_l
Iosue_l
ad_l
preceptum_l
Moisi_l
cepit_l
secum_l
electum_l
exercitum_l
and_e
enbatelet_e
hom_e
contra_l
istum_l
tirannum_l
._p
In_l
medio_l
tempore_l
Moyses_l
,_p
Aaron_l
et_l
Vr_l
ascenderunt_l
excelsum_l
montem_l
ad_l
preces_l
Deo_l
fundendum_l
pro_l
bona_l
expedicione_l
Israel_l
._p
Exercitus_l
approximabant_l
,_p
preliari_l
ceperunt_l
acerbum_l
bellum_l
et_l
acutum_l
erat_l
ex_l
vtraque_l
parte_l
._p
Set_l
dum_l
Moyses_l
suas_l
extulit_l
manus_l
ad_l
celum_l
Iosue_l
tenuit_l
campum_l
,_p
vincebat_l
Israel_l
._p
Cumque_l
pre_l
pondere_l
et_l
lassitudine_l
manus_l
remittebat_l
,_p
Amalec_l
celciorem_l
habuit_l
manum_l
,_p
succubuit_l
Israel_l
._p
Videntes_l
Aaron_l
et_l
Vr_l
periculum_l
in_l
quo_l
stetit_l
Iosue_l
,_p
statuerunt_l
Moysen_l
super_l
petram_l
,_p
et_l
manus_l
eius_l
ex_l
vtraque_l
parte_l
proinde_l
sustentabant_l
,_p
et_l
eas_l
supportabant_l
per_l
totum_l
diem_l
usque_l
ad_l
solis_l
occasum_l
._p
Isto_l
modo_l
per_l
sustentacionem_l
manuum_l
Moysi_l
,_p
Iosue_l
fugauit_l
inimicos_l
suos_l
et_l
gloriosum_l
adquisiuit_l
triumphum_l
de_l
Amalec_l
et_l
plebe_l
eius_l
._p
Moraliter_l
:_p
totum_l
tempus_l
nostre_l
mortalis_l
expectacionis_l
est_l
nisi_l
dies_l
belli_l
:_p
a_l
tempore_l
quo_l
nostre_l
sol_l
vite_l
oritur_l
in_l
nostri_l
ortus_l
oriente_l
donec_l
occidat_l
in_l
nostri_l
obitus_l
occidente_l
,_p
stamus_l
in_l
grandi_l
periculo_l
et_l
timore_l
,_p
in_l
guerra_l
sumus_l
continua_l
._p
Amalec_l
et_l
suus_l
exercitus_l
,_p
idest_l
nostri_l
spirituales_l
inimici_l
,_p
suum_l
explicuerunt_l
vexillum_l
et_l
tenent_l
contra_l
nos_l
campum_l
._p
Isti_l
sunt_l
qui_l
die_l
ac_l
nocte_l
Christi_l
insultant_l
exercitui_l
,_p
nemini_l
parcunt_l
,_p
nullam_l
personam_l
excipiunt_l
._p
Non_l
magis_l
curant_l
de_l
milite_l
quam_l
de_l
garcione_l
,_p
de_l
rege_l
quam_l
de_l
captiuo_l
._p
Ideo_l
senes_l
et_l
iuuenes_l
,_p
diuites_l
et_l
pauperes_l
,_p
omnes_l
oportet_l
preliari_l
,_p
necessitas_l
vrget_l
._p
Omnes_l
circumdamur_l
inimicis_l
,_p
seruet_l
caput_l
qui_l
sciuerit_l
._p
Te_l
potenter_l
defende_l
et_l
te_l
virum_l
ostende_l
._p
Si_l
gesseris_l
te_l
vt_l
miles_l
celum_l
tibi_l
merces_l
est_l
,_p
si_l
vt_l
vecors_l
obieris_l
ad_l
infernum_l
vadis_l
._p
Istud_l
est_l
acutum_l
bellu_l
et_l
terribile_l
,_p
asperius_l
bellis_l
of_l
Peyteris_l
et_l
Hispanie_l
._p
Tebe_l
et_l
Troie_l
bella_l
respectu_l
huius_l
erant_l
nisi_l
puerorum_l
preludia_l
._p
Perdurancia_l
inter_l
Romam_l
et_l
Cartaginem_l
prelia_l
in_l
huius_l
comparacione_l
erant_l
nisi_l
estatis_l
interludia_l
._p
Quia_l
in_l
aliis_l
bellis_l
solum_l
leditur_l
corpus_l
,_p
in_l
isto_l
anima_l
letaliter_l
vulneratur_l
._p
In_l
aliis_l
est_l
nisi_l
pena_l
temporalis_l
,_p
ictus_l
huius_l
mors_l
sequitur_l
eternalis_l
._p
Ex_l
quo_l
igitur_l
istud_l
spirituale_l
bellum_l
est_l
adeo_l
terribile_l
,_p
nostri_l
aduersarii_l
adeo_l
cauti_l
,_p
preliatores_l
et_l
bellis_l
tam_l
experti_l
,_p
et_l
nos_l
econtrario_l
fragiles_l
et_l
debiles_l
,_p
guerre_l
penitus_l
inexperti_l
,_p
conicio_l
nos_l
uel_l
capi_e
uel_e
occidi_e
in_e
campo_e
,_p
nisi_l
Moises_l
manus_l
eleuet_l
ad_l
Deum_l
pro_l
nobis_l
._p
Per_l
Moisen_l
qui_l
statuebatur_l
supra_l
petram_l
,_p
intelligo_l
militantem_l
Ecclesiam_l
que_l
supra_l
firmissimam_l
fundatur_l
petram_l
,_p
Christum_l
Iesum_l
numquam_l
deficientem_l
._p
Manus_l
Moysi_l
sunt_l
bona_l
et_l
pia_l
opera_l
:_p
dextera_l
est_l
predicacio_l
sancta_l
,_p
bone_l
conuersacionis_l
exemplum_l
,_p
fidelis_l
et_l
firma_l
doctrina_l
;_p
sinistra_l
est_l
manutenencia_l
fidei_l
,_p
fundacio_l
monasteriorum_l
,_p
edificacio_l
hospitalium_l
et_l
alia_l
elemosine_l
opera_l
._p
Set_l
quia_l
Moysi_l
manus_l
sunt_l
valde_l
graues_l
–_l
opera_l
ista_l
Ecclesie_l
sunt_l
grauis_l
et_l
grandis_l
cure_e
–_e
,_p
ne_l
forte_l
remittantur_l
et_l
pre_l
pondere_l
cadant_l
,_p
ac_l
per_l
hoc_l
Iosue_l
et_l
suus_l
populus_l
superentur_l
in_l
bello_l
,_p
Aaron_l
et_l
Vr_l
deputantur_l
ad_l
eas_l
supportandum_l
._p
Aaron_l
qui_l
erat_l
summus_l
sacerdos_l
in_l
veteri_l
est_l
spiritualita_l
:_p
prelati_l
,_p
curati_l
,_p
et_l
alii_l
viri_l
ecclesiastici_l
ad_l
quos_l
pertinet_l
deuote_l
oracionis_l
incensum_l
Deo_l
offerre_l
,_p
in_l
eius_l
seruicio_l
occupari_l
nocte_l
ac_l
die_l
,_p
predicare_l
populo_l
fidem_l
Ecclesie_l
et_l
iuxta_l
propriam_l
doctrinam_l
ipsimet_l
viuere_l
._p
Isto_l
modo_l
dexteram_l
Moisi_l
oportet_l
sustentari_l
._p
Ista_l
est_l
spiritualitatis_l
cura_l
figurate_l
per_l
Aaron_l
._p
Set_l
Ur_l
est_l
temporalitas_l
:_p
domini_l
temporales_l
,_p
milites_l
,_p
et_l
diuites_l
communes_l
quos_l
Deus_l
visitauit_l
mundanis_l
operibus_l
._p
Istos_l
oportet_l
sustentare_l
sinistram_l
Moisi_l
:_p
ad_l
ipsos_l
pertinet_l
fidem_l
gladio_l
defendere_l
,_p
stare_l
pro_l
iusticia_l
Ecclesie_l
,_p
diuiciis_l
et_l
viribus_l
releuare_l
domos_l
que_l
in_l
pauperiem_l
per_l
infortunia_l
deciderunt_l
,_p
et_l
ad_l
opera_l
illa_l
apponere_l
manus_l
per_l
que_l
augeri_l
possit_l
cultus_l
diuinus_l
._p
Isto_l
modo_l
oportet_l
Aaron_l
et_l
Vr_l
facere_l
,_p
neuter_l
potest_l
alteri_l
abesse_l
:_p
clerus_l
nequit_l
stare_l
sine_l
milicia_l
,_p
nec_l
econtrario_l
._p
Ambos_l
oportet_l
stare_l
per_l
Moysen_l
et_l
vtrumque_l
manus_l
eius_l
sustentare_l
._p
Iste_l
manus_l
erant_l
olim_l
firmiter_l
sustentate_l
:_p
Aaron_l
non_l
pepercit_l
olim_l
dicere_l
verum_l
,_p
non_l
timuit_l
imperatorem_l
,_p
regem_l
,_p
nec_l
principem_l
,_p
set_l
vbi_l
peccatum_l
regnare_l
nouit_l
constanter_l
restitit_l
et_l
reprehendit_l
._p
Oculus_l
mentis_l
virorum_l
ecclesiasticorum_l
erat_l
adeo_l
fixum_l
in_l
Deo_l
quod_l
mori_l
quam_l
viuere_l
pro_l
veritate_l
mallebant_l
._p
Adeo_l
grandis_l
erat_l
eorum_l
deuocio_l
,_p
sua_l
vita_l
et_l
doctrina_l
adeo_l
concordabant_l
quod_l
domini_l
et_l
communes_l
amabant_l
ipsos_l
pariter_l
et_l
timebant_l
._p
Quam_l
corditer_l
et_l
potenter_l
Vr_l
sinistram_l
sustentabat_l
rei_l
factum_l
in_l
diem_l
hodiernum_l
demonstrat_l
._p
Adhuc_l
remanent_l
sue_l
deuocionis_l
vestigia_l
._p
Eorum_l
dileccio_l
plene_l
figebatur_l
in_l
bono_l
,_p
tota_l
delectacio_l
eorum_l
erat_l
dotare_l
Ecclesiam_l
,_p
fundare_l
religiosorum_l
domos_l
._p
Eorum_l
bursa_l
erat_l
semper_l
aperta_l
ad_l
honorandum_l
Deum_l
suum_l
._p
Dum_l
manus_l
Moysi_l
ita_l
supportabantur_l
,_p
campus_l
erat_l
noster_l
,_p
Deus_l
fuit_l
nobiscum_l
._p
Amalec_l
perdidit_l
terram_l
,_p
Iosue_l
inimicos_l
fugauit_l
,_p
vicit_l
Christi_l
exercitus_l
._p
Set_l
illa_l
pulcra_l
dies_l
cepit_l
esse_l
turbulenta_l
,_p
illa_l
graciosa_l
dies_l
mirabiliter_l
mutatur_l
;_p
tam_l
potentes_l
vt_l
fuimus_l
,_p
debilitari_l
cepimus_l
,_p
nostri_l
chiualus_l
milites_l
mortui_l
sunt_l
._p
Amalec_l
obtinuit_l
campum_l
tam_l
acute_l
preliatur_l
contra_l
nos_l
quod_l
nostri_l
capitaneus_l
belli_l
,_p
Iosue_l
,_p
perimitur_l
._p
Iosue_l
interpretatur_l
salus_l
,_p
et_l
perfeccio_l
mentis_l
,_p
et_l
vita_l
que_l
foret_l
noster_l
dux_l
versus_l
celum_l
._p
Iste_l
dux_l
occiditur_l
in_l
isto_l
spirituali_l
bello_l
,_p
fidei_l
vexillum_l
fere_l
deicitur_l
,_p
et_l
vt_l
timeo_l
magna_l
pars_l
Christi_l
exercitus_l
cepit_l
letale_l
vulnus_l
._p
Que_l
est_l
causa_l
creditis_l
huius_l
tocius_l
doloris_l
?_p
Certe_l
Aaron_l
et_l
Vr_l
manus:l_l
Moisi_l
in_l
eorum_l
defectum_l
deciderunt_l
,_p
vt_l
deberent_l
debitum_l
non_l
faciunt_l
._p
Vterque_l
est_l
in_l
culpa_l
,_p
et_l
neuter_l
vult_l
fateri_l
delictum_l
:_p
Aaron_l
dicit_l
quod_l
viuit_l
stricte_l
,_p
orat_l
assidue_l
,_p
docet_l
,_p
predicat_l
;_p
in_l
eo_l
non_l
est_l
defectus_l
,_p
set_e
pocius_e
in_e
milicia_e
._p
Vr_e
dicit_l
quod_l
continue_l
laborat_l
pro_l
rectitudine_l
Ecclesie_l
,_p
eam_l
sustentat_l
catellis_l
,_p
et_l
corpore_l
paratus_l
est_l
pro_l
ea_l
mori_l
si_l
fuerit_l
necesse_l
._p
Melius_l
suum_l
onus_l
supportat_l
quam_l
clerus_l
;_p
si_l
aliquis_l
sit_l
defectus_l
est_l
in_l
Aaron_l
._p
Isto_l
modo_l
vterque_l
possyyt_l
culpam_l
alteri_l
,_p
neuter_l
vult_l
capere_l
super_l
se_l
,_p
set_l
inter_l
ambos_l
Christi_l
populus_l
perit_l
._p
Si_l
intime_l
respiciant_l
se_l
,_p
neuter_l
est_l
sine_l
defectu_l
,_p
neuter_l
se_l
potest_l
excusare_l
._p
Aaron_l
:_p
spiritualitatis_l
deuocio_l
est_l
multo_l
remissior_l
solito_l
,_p
cor_l
et_l
mens_l
non_l
est_l
ita_l
fixum_l
vt_l
onsueuit_l
in_l
Deo._l
Nostra_l
conuersacio_l
et_l
modus_l
viuendi_l
non_l
est_l
sicut_l
fuit_l
,_p
pannus_l
est_l
alterius_l
coloris_l
,_p
non_l
est_l
similis_l
vite_l
antiquorum_l
patrum_l
._p
Quantum_l
ad_l
predicacionem_l
et_l
doctrinam_l
nouit_l
Deus_l
quomodo_l
faciunt_l
debitum_l
!_p
Nimia_l
falsa_l
heresis_l
et_l
Lollardria_l
ventilatur_l
inter_l
nos_l
,_p
Lollardorum_l
accrescit_l
numerus_l
._p
Plura_l
alia_l
iam_l
regnant_l
peccata_l
et_l
nulla_l
fit_l
correxio_l
uel_l
modica_l
._p
Quis_l
in_l
defectu_l
est_l
nisi_l
precipue_l
Aaron_l
._p
Set_l
estne_l
Vr_e
,_p
creditis_l
,_p
inculpabilis_l
?_p
Nequaquam_l
!_p
Exilis_l
bonitas_l
est_l
in_l
eorum_l
pluribus_l
,_p
eorum_l
fides_l
est_l
debilis_l
,_p
deuocio_l
valde_l
breuis_l
._p
Plures_l
istorum_l
diuinum_l
paruipendunt_l
seruicium_l
et_l
doctrinam_l
Ecclesie_l
._p
Si_l
in_l
patria_l
falsus_l
fuerit_l
Lollardus_l
uel_l
alius_l
viciosus_l
,_p
nimios_l
habebit_l
fautores_l
,_p
manutenebitur_l
et_l
commendabitur_l
._p
Suus_l
ordinarius_l
ipsum_l
non_l
audebit_l
corrigere_l
pre_l
mortis_l
timore_l
._p
Quam_l
breuis_l
est_l
eorum_l
ad_l
Ecclesiam_l
deuocio_l
pertranseo_l
;_p
de_l
hoc_l
plus_l
loqui_l
non_l
cupio_l
._p
Demonstrat_l
ad_l
oculum_l
res_l
gesta_l
._p
Isto_l
modo_l
Aaron_l
et_l
Vr_l
abierunt_l
,_p
et_l
Moises_l
,_p
Ecclesia_l
,_p
ludit_l
poost_l
alone_l
._p
Et_l
sicut_l
quando_l
Moysi_l
laxabantur_l
manus_l
superabat_l
Amalec_l
,_p
sic_l
cum_l
bona_l
opera_l
Ecclesie_l
nunc_l
dimittuntur_l
nostri_l
vincunt_l
inimici_l
,_p
Christi_l
exercitus_l
debellatur_l
._p
Non_l
sic_l
,_p
impii_l
,_p
non_l
sic_l
._p
Set_l
Aaron_l
et_l
Vr_l
,_p
temporalitas_l
et_l
spiritualitas_l
,_p
quilibet_l
in_l
suo_l
gradu_l
manum_l
apponat_l
et_l
supportare_l
iuuet_l
spirituales_l
manus_l
Moysi_l
,_p
bona_l
Ecclesie_l
opera_l
,_p
ut_l
in_l
hiis_l
diebus_l
sacris_l
rehabere_l
possumus_l
campum_l
et_l
victoriam_l
de_l
inimicis_l
._p
Et_l
vos_l
qui_l
in_l
hoc_l
spirituali_l
bello_l
grauiter_l
verberati_l
fuistis_l
,_p
confortamini_l
:_p
licet_l
galea_l
bone_l
spei_l
auellatur_l
de_l
tuo_l
capite_l
,_p
fidei_l
lorica_l
penetretur_l
,_p
þe_e
cote_e
armur_l
caritatis_l
totaliter_l
atteratur_l
;_p
licet_l
sagitteris_l
ad_l
cordis_l
intima_l
venenosa_l
temptacionis_l
sagitta_l
,_p
quantumcumque_l
fueris_l
morbidus_l
uel_l
infirmus_l
,_p
licet_l
ad_l
mortem_l
vulnereris_l
,_p
de_l
tua_l
salute_l
ne_l
desperes_l
,_p
quia_l
Nunc_l
dies_l
salutis_l
._p
Ideo_l
alle_e
seke_e
and_e
woful_e
comes_e
to_e
wele_e
,_p
nunc_l
est_l
dies_l
spiritualis_l
salutis_l
._p
Set_l
sicut_l
in_l
pluribus_l
guerre_l
terris_l
vbi_l
acutum_l
et_l
continuum_l
bellum_l
est_l
statuitur_l
explorator_l
awayte_l
in_l
alta_l
turri_l
cum_l
tuba_l
in_l
manu_l
ad_l
tubicinandum_l
si_l
hostes_l
viderit_l
,_p
quod_l
inhabitantes_l
castellum_l
uel_l
ciuitatem_l
armare_l
se_l
possint_l
ad_l
standum_l
ad_l
defensionem_l
,_p
conformiter_l
cum_l
in_l
continuo_l
bello_l
simus_l
sicut_l
predixi_l
vndique_l
circumsepti_l
inimicis_l
,_p
deputatus_l
sum_l
in_l
ista_l
turri_l
ad_l
presens_l
ad_l
premuniendum_l
vos_l
per_l
tubam_l
verbi_l
Dei_l
de_l
vestris_l
spiritualibus_l
inimicis_l
._p
Set_l
quia_l
fui_l
numquam_l
artificiosus_l
clarioun_l
nec_l
omnis_l
experiencia_l
in_l
ista_l
arte_l
modicum_l
valet_l
sine_l
speciali_l
dono_l
Dei_l
–_l
quia_l
tota_l
suauitas_l
et_l
melodia_l
est_l
totaliter_l
a_l
Spiritu_l
Sancto_l
–_p
Aaron_l
et_l
Vr_l
,_p
temporalitas_l
et_l
spiritualitas_l
,_p
quilibet_l
vir_l
et_l
mulier_l
,_p
leuate_l
seu_l
extollite_l
ad_l
Deum_l
manus_l
et_l
corda_l
ipsum_l
intime_l
exorando_l
quatinus_l
ex_l
sua_l
infinita_l
bonitate_l
det_l
michi_l
graciam_l
sic_l
tubicinare_l
verbum_l
Dei_e
be_e
þe_e
trumpet_e
mee_e
paruule_e
vocis_l
quod_l
possitis_l
plene_l
armari_l
et_l
in_l
hiis_l
sacris_l
diebus_l
vestros_l
vniuersos_l
deuincere_l
inimicos_l
._p
In_l
ista_l
oracione_l
recommendatis_l
singulis_l
,_p
etc._l
Nunc_l
dies_l
salutis_l
,_p
sicut_l
dicitur_l
in_l
premissis_l
._p
Reuerendi_l
domini_l
,_p
tractare_l
de_l
omnibus_l
septimane_l
diebus_l
esset_l
nimis_l
diffusum_l
et_l
tediosum_l
,_p
ideo_l
ad_l
presens_l
tangam_l
de_l
tribus_l
diebus_l
:_p
de_l
die_l
solis_l
,_p
lune,_l
et_l
Martis_l
._p
Dies_l
solis_l
est_l
bona_l
conuersacio_l
et_l
holynes_l
;_p
dies_l
lune_l
,_p
mundana_l
prosperitas_l
and_e
riches_e
;_p
dies_l
Martis_l
,_p
strictus_l
rigor_l
et_l
rytwesnes_l
._p
In_l
hiis_l
tribus_l
diebus_l
tria_l
acuta_l
bella_l
contra_l
nos_l
preparantur_l
:_p
primi_l
capitaneus_l
belli_l
est_l
superbie_l
princeps_l
,_p
falsus_l
demon_l
qui_l
insultat_l
nos_l
in_l
dominica_l
bone_l
conuersacionis_l
et_l
sanctitatis_l
;_p
dux_l
secundi_l
belli_l
est_l
rex_l
auaricie_l
,_p
instabilis_l
mundus_l
,_p
qui_l
guerrat_l
super_l
nos_l
in_l
lunari_l
die_l
mundane_l
prosperitatis_l
et_l
diuiciarum_l
;_p
set_l
tercii_l
dux_l
belli_l
est_l
Dominus_l
virtutum_l
,_p
rex_l
glorie_l
,_p
qui_l
acerrime_l
pugnabit_l
contra_l
te_l
in_l
terribili_l
die_l
mortis_l
,_p
rigoris_l
,_p
et_l
iusticie_l
._p
In_l
hiis_l
tribus_l
bellis_l
eris_l
attemptatus_l
,_p
non_l
euades_l
._p
Per_l
grauem_l
laborem_l
peruenitur_l
ad_l
honorem_l
,_p
post_l
acerbum_l
venit_l
dulce_l
._p
Proba_l
teipsum_l
virum_l
._p
Omnia_l
ista_l
periculosa_l
bella_l
oportet_l
te_l
transire_l
antequam_l
perueneris_l
ad_l
finalem_l
quietem_l
._p
Set_l
qui_l
extra_l
ista_l
bella_l
euadet_l
indempnis_l
oportet_l
ut_l
bene_l
armetur_l
._p
Omnis_l
corporea_l
armatura_l
non_l
iuuat_l
hic_l
,_p
oportet_l
habere_l
spiritualia_l
arma_l
fidei_l
,_p
spei_l
,_p
et_l
caritatis_l
._p
Ista_l
arma_l
sunt_l
satis_l
forcia_l
,_p
sunt_l
meete_l
pro_l
quolibet_l
homine_l
,_p
per_l
ista_l
saluaberis_l
._p
Pro_l
particularum_l
nexu_l
et_l
sermonis_l
processu_l
dico_l
primo_l
:_p
arma_l
te_l
constanti_l
fide_l
in_l
solari_l
die_l
bone_l
conuersacionis_l
and_e
holynes_e
,_p
quia_l
ista_l
te_l
saluabit_l
in_l
primo_l
bello_l
ab_l
acuto_l
sagittatu_l
diabolice_l
temptacionis_l
;_p
arma_l
te_l
bona_l
spe_l
in_l
lunari_l
die_l
mundane_l
prosperitatis_l
and_e
riches_e
,_p
quia_l
te_l
saluabit_l
in_l
secundo_l
bello_l
a_l
terribili_l
iaculo_l
finalis_l
desperacionis_l
;_p
et_l
arma_l
te_l
perfecta_l
caritate_l
erga_l
terribilem_l
diem_l
Martis_l
rigoris_l
et_l
iusticie_l
,_p
quia_l
te_l
saluabit_l
a_l
vindicto_l
gladio_l
eterne_l
dampnacionis_l
._p
Set_l
ex_l
quo_l
isti_l
tres_l
dies_l
sunt_l
vt_l
nunc_l
breues_l
–_l
nunc_l
,_p
secundum_l
philosophos_l
,_p
est_l
breuissimum_l
cogitabile_l
in_l
tempore_l
–_p
,_p
ex_l
quo_l
igitur_l
ad_l
occasum_l
cito_l
tendit_l
sol_l
gracie_l
,_p
fortune_l
luna_l
mutatur_l
continue_l
,_p
et_l
Mars_l
omnipotens_l
est_l
terribilior_l
fulmine_l
,_p
quilibet_l
emendet_l
se_l
sine_l
dilacione_l
quia_l
omnis_l
gracie_l
et_l
misericordie_l
nunc_l
est_l
dies_l
,_p
sic_l
ergo_l
al_e
seke_e
and_e
woful_e
,_p
etc._l
Dico_l
primo_l
et_l
principaliter_l
,_p
et_l
pro_l
nunc_l
finaliter_l
,_p
arma_l
te_l
firma_l
fide_l
in_l
solari_l
die_l
bone_l
conuersacionis_l
et_l
sanctitatis_l
,_p
quia_l
te_l
saluabit_l
in_l
primo_l
bello_l
ab_l
acuto_l
sagittatu_l
demoniace_l
temptacionis_l
._p
Quando_l
humanum_l
genus_l
erat_l
primo_l
conditum_l
ini_l
ocundo_l
die_l
originalis_l
iusticie_l
,_p
sol_l
omnis_l
consolacionis_l
,_p
Deus_l
ipse_l
,_p
refulsit_l
adeo_l
splendide_l
super_l
eum_l
nutriciis_l
radiis_l
sue_l
gracie_l
quod_l
erat_l
saluum_l
et_l
sanum_l
in_l
omni_l
parte_l
._p
Nullus_l
meror_l
eum_l
molestauit_l
,_p
nulla_l
infirmitas_l
eum_l
grauauit_l
,_p
omnia_l
alia_l
sibi_l
obediebant_l
._p
Adeo_l
bene_l
erat_l
sibi_l
quod_l
sua_l
gloria_l
non_l
potuit_l
redimi_l
._p
Set_l
statim_l
vt_l
voluntarie_l
reliquid_l
lucem_l
virtutis_l
et_l
obediencie_l
erga_l
Deum_l
suum_l
,_p
sua_l
gloria_l
incepit_l
minui_l
,_p
sol_l
iusticie_l
suos_l
retraxat_l
radios_l
._p
Ista_l
dies_l
cito_l
complebatur_l
,_p
tetra_l
nox_l
mortalis_l
peccati_l
cecidit_l
super_l
eum_l
._p
Ista_l
nox_l
incepit_l
ad_l
originale_l
peccatum_l
,_p
currebat_l
per_l
mortalia_l
actualia_l
et_l
crescebat_l
continue_l
in_l
caligine_l
donec_l
venerat_l
ad_l
altam_l
mediam_l
noctem_l
malicie_l
et_l
male_l
vite_l
._p
Et_l
sicut_l
infirmitates_l
diu_l
durantes_l
,_p
que_l
secundum_l
phisicam_l
vocantur_l
morbi_l
cronici_l
,_p
incipiunt_l
in_l
occasu_l
solis_l
et_l
desistunt_l
in_l
ortu_l
,_p
sic_l
durabilis_l
infirmitas_l
humani_l
generis_l
incepit_l
quando_l
sol_l
iusticie_l
,_p
Deus_l
,_p
recessit_l
a_l
mente_l
humana_l
._p
Et_l
numquam_l
erat_l
sanatum_l
emplastro_l
,_p
surrepo_l
,_p
uel_l
letuario_l
donec_l
dominica_l
gracie_l
diescebat_l
in_l
Christi_l
exortu_l
._p
Figuram_l
huius_l
reperio_l
Yzaie_l
XXXVIII_l
,_p
vbi_l
lego_l
quod_l
nobilis_l
rex_l
Ezechias_l
qui_l
erat_l
infirmus_l
ad_l
mortem_l
numquam_l
curabatur_l
de_l
sua_l
letali_l
infirmitate_l
donec_l
sol_l
materialis_l
reuersus_l
est_l
decem_l
lineis_l
in_l
horologio_l
Achas_l
et_l
reuenit_l
ad_l
punctum_l
a_l
quo_l
prius_l
recesserat_l
._p
Istud_l
horologium_l
est_l
nisi_l
tua_l
conuersacio_l
et_l
tuus_l
modus_l
viuendi_l
qui_l
in_l
circuitu_l
rotat_l
et_l
est_l
in_l
continuo_l
motu_l
sicut_l
horologium_l
._p
Rota_l
huius_l
horologii_l
est_l
tua_l
miserabilis_l
vita_l
que_l
sicut_l
circulus_l
uel_l
rota_l
incipit_l
in_l
vno_l
puncto_l
et_l
terminatur_l
ad_l
eundem_l
:_p
de_l
terra_l
venis_l
,_p
ad_l
terram_l
ibis_l
,_p
de_l
nichilo_l
venis_l
,_p
ad_l
nichilum_l
reuerteris_l
._p
Funis_l
seu_l
corda_l
huius_l
horologii_l
est_l
tue_l
memoria_l
mortis_l
:_p
recole_l
quod_l
morieris_l
,_p
memento_l
finis_l
._p
Quantumcumque_l
sis_l
fortis_l
aut_l
pulcher_l
,_p
istam_l
sortem_l
oportet_l
te_l
trahere_l
;_p
quantumcumque_l
ludus_l
tuus_l
sit_l
nunc_l
fortis_l
,_p
tandem_l
per_l
mortis_l
transitum_l
venit_l
chekmate_l
._p
Pondus_l
quod_l
pendebit_l
super_l
istam_l
cordam_l
est_l
pena_l
inferni_l
._p
Trahe_l
sursum_l
istud_l
pondus_l
in_l
cor_l
tuum_l
,_p
cogita_l
intime_l
quam_l
acerba_l
,_p
horribilis_l
,_p
et_l
abhominabilis_l
sit_l
._p
Hoc_l
faciet_l
te_l
fatuitates_l
omnes_l
relinquere_l
et_l
constancie_l
et_l
virtuti_l
firmiter_l
adherere_l
._p
Ista_l
instrumenta_l
sunt_l
intra_l
horologio_l
bone_l
conuersacionis_l
,_p
set_l
si_l
istud_l
horologium_l
veraciter_l
ibit_l
,_p
oportet_l
per_l
solem_l
statui_l
et_l
regulari_l
siue_l
per_l
solis_l
cursum_l
._p
Iste_l
sol_l
Christus_l
est_l
,_p
quia_l
sicut_l
sol_l
materialis_l
est_l
fons_l
luminis_l
et_l
vite_l
corporee_l
istis_l
inferioribus_l
et_l
resplendet_l
ita_l
bene_l
super_l
feda_l
cadauera_l
sicut_l
super_l
pulcherrimos_l
flores_l
,_p
sic_l
sol_l
iusticie_l
Christus_l
,_p
qui_l
est_l
fons_l
gracie_l
et_l
omnis_l
bone_l
vite_l
,_p
diffundit_l
radios_l
sue_l
pietatis_l
et_l
misericordie_l
non_l
solum_l
ad_l
bonos_l
qui_l
consciencia_l
sunt_l
mundi_l
,_p
set_l
eciam_l
ad_l
malos_l
et_l
peccatores_l
ad_l
reuocandum_l
ipsos_l
sibi_l
per_l
penitencie_l
sacramentum_l
._p
Secundum_l
motum_l
et_l
cursum_l
huius_l
solis_l
þi_e
clok_e
most_e
be_e
set_e
,_p
ipsum_l
te_l
oportet_l
sequi_l
viuendo_l
._p
Attende_l
igitur_l
quam_l
þine_l
sol_l
,_p
iste_l
Christus_l
,_p
descendit_l
in_l
humilitate_l
cordis_l
,_p
quam_l
alte_l
ascendit_l
in_l
sanctitate_l
et_l
perfeccione_l
vite_l
._p
Cape_l
huius_l
solis_l
altitudinem_l
per_l
tue_l
memorie_l
instrumentum_l
,_p
memento_l
quam_l
benedicta_l
et_l
sancta_l
Christi_l
fuit_l
conuersacio_l
,_p
et_l
ita_l
prope_l
sicut_l
potes_l
set_l
þi_e
clok_e
þerafter_e
._p
Si_l
viuendo_l
superbis_l
,_p
dedignaris_l
tuo_l
superiori_l
obedire_l
,_p
derides_l
quemlibet_l
,_p
non_l
curas_l
de_l
alico_l
,_p
tuum_l
clock_l
false_l
vadit_l
,_p
non_l
regulas_l
te_l
per_l
solem_l
._p
Si_l
proiecisti_l
conscienciam_l
ultra_l
perticam_l
,_p
sis_l
inuidus_l
,_p
prauus_l
et_l
maliciosus_l
,_p
false_l
tuum_l
proximum_l
scandalizas_l
,_p
dampnas_l
eum_l
tuis_l
falsis_l
fabulis_l
,_p
emenda_l
tuum_l
clockum_l
,_p
vadit_l
male_l
,_p
non_l
sequitur_l
solem_l
._p
Si_l
fueris_l
raptor_l
viuens_l
de_l
rapina_l
,_p
implacitas_l
tuum_l
proximum_l
iniuste_l
,_p
maliciose_l
eum_l
deheredas_l
,_p
emenda_l
te_l
tempestiue_l
antequam_l
vindicta_l
ruat_l
super_l
te_l
._p
Si_l
non_l
conformas_l
te_l
Christo_l
,_p
tuum_l
clok_l
vadit_l
false_l
,_p
non_l
sequeris_l
solem_l
._p
Isto_l
modo_l
scrutare_l
teipsum_l
in_l
omni_l
genere_l
peccati_l
._p
Si_l
tuum_l
vadat_l
horologium_l
nimis_l
festiue_l
uel_l
tepide_l
,_p
si_l
tua_l
conuersacio_l
non_l
conformetur_l
Christi_l
vite_l
,_p
set_l
hit_l
melius_l
et_l
facias_l
fideliter_l
ire._l
Si_l
ita_l
teratur_l
quod_l
nescis_l
ipsemet_l
coniungere_l
nec_l
emendare_l
,_p
vade_l
hiis_l
sacris_l
diebus_l
ad_l
nostrum_l
horologiarium_l
,_p
tuum_l
curatum_l
,_p
tuum_l
ostende_l
defectum_l
vt_l
te_l
iuuet_l
._p
Istud_l
spiritualiter_l
est_l
horologium_l
Achas_l
super_l
quod_l
gracie_l
sol_l
splendide_l
refulsit_l
quando_l
Dominus_l
noster_l
Iesus_l
Christus_l
induit_l
nostram_l
naturam_l
._p
Set_l
rex_l
Ezechias_l
non_l
curabatur_l
donec_l
sol_l
reuersus_l
est_l
decem_l
lineis_l
et_l
reuenit_l
ad_l
eundem_l
punctum_l
a_l
quo_l
descenderat_l
._p
Punctus_l
iste_l
erat_l
sublimis_l
,_p
ardens_l
amor_l
quem_l
Deus_l
erga_l
humanum_l
genus_l
habuit_l
in_l
statu_l
innocencie_l
._p
Ab_l
isto_l
puncto_l
sol_l
omnis_l
consolacionis_l
,_p
Deus_l
,_p
incepit_l
moueri_l
et_l
descendere_l
quando_l
Adam_l
primo_l
peccauit_l
et_l
fuit_l
sibi_l
ingratus_l
._p
Et_l
sicut_l
hominis_l
malicia_l
crescebat_l
,_p
Dei_l
amor_l
versus_l
eum_l
decrescebat_l
,_p
quia_l
homo_l
rebellis_l
erat_l
legibus_l
Dei_l
et_l
infregit_l
eius_l
decem_l
precepta_l
._p
Merito_l
Deus_l
decessit_l
ab_l
homine_l
per_l
decem_l
dileccionis_l
lineas_l
._p
Per_l
tot_l
gradus_l
sol_l
iusticie_l
descendit_l
in_l
nostro_l
conuersacionis_l
horologio_l
a_l
suppremo_l
dileccionis_l
puncto_l
._p
Ita_l
rara_l
erat_l
amicicia_l
inter_l
Deum_l
et_l
nos_l
quod_l
scriptura_l
teste_l
,_p
Genesis_l
6_l
,_p
“_l
Valde_l
eum_l
penitiuit_l
quod_l
vnquam_l
hominem_l
fecit_l
._p
”_l
Set_l
iste_l
graciosus_l
sol_l
redire_l
cepit_l
et_l
ascendere_l
in_l
isto_l
horologio_l
quando_l
Christus_l
cepit_l
carnem_l
et_l
sanguinem_l
ex_l
Benedicta_l
Virgine_l
._p
Alcius_l
iuit_l
et_l
alcius_l
per_l
paupertatem_l
,_p
pacienciam_l
,_p
et_l
plagarum_l
tolleranciam_l
._p
Set_l
ad_l
gradum_l
venit_l
suppremum_l
quando_l
paciebatur_l
seipsum_l
crucifigi_l
,_p
vulnerari_l
,_p
et_l
occidi_l
pro_l
hominum_l
peccatis_l
,_p
quia_l
per_l
virtutem_l
sue_l
acerbissime_l
passionis_l
fiebat_l
satisfaccio_l
pro_l
hominis_l
transgressu_l
,_p
pax_l
reformabatur_l
inter_l
Deum_l
et_l
hominem_l
,_p
et_l
tanta_l
dileccio_l
uel_l
maior_l
quanta_l
vnquam_l
erat_l
in_l
statu_l
innocencie_l
._p
Quando_l
sol_l
gracie_l
venit_l
ad_l
istum_l
punctum_l
in_l
horologio_l
nostre_l
vite_l
,_p
Ezechias_l
,_p
tota_l
humana_l
natura_l
,_p
curabatur_l
de_l
mortali_l
infirmitate_l
,_p
vt_l
sub_l
figura_l
dicitur_l
I_l
Regum_l
XI_l
,_p
“_e
Cum_e
incaluerit_l
sol_l
vobis_l
erit_l
salus_l
,_p
”_l
cum_l
sol_l
iusticie_l
fuerit_l
calidissimus_l
et_l
eminentissimus_l
saluabimini_l
ab_l
omni_l
miseria_l
et_l
curabimini_l
ab_l
infirmitate_l
letali_l
._p
Magnum_l
calorem_l
caritatis_l
iste_l
sol_l
Christus_l
vobis_l
prebuit_l
in_l
sua_l
benedicta_l
incarnacione_l
quando_l
vniuit_l
nubem_l
nostre_l
humanitatis_l
ignitis_l
radiis_l
sue_l
diuinitatis_l
;_p
multo_l
maiorem_l
sancte_l
predicando_l
et_l
bonum_l
exemplum_l
tribuendo_l
;_p
set_l
maximum_l
in_l
lamentabilem_l
mortem_l
et_l
crudelem_l
passionem_l
paciendo_l
._p
Ecce_l
,_p
tu_l
miser_l
peccator_l
,_p
quomodo_l
singularis_l
fenix_l
misericordie_l
seipsam_l
combussit_l
proprie_l
passionis_l
igne_l
vt_l
resurgere_l
posses_l
per_l
cineres_l
sue_l
mortis_l
amare_l
,_p
quomodo_l
pelicanus_l
pietatis_l
proprium_l
pectus_l
penetrauit_l
vt_l
sui_l
reuiuiscant_l
pulli_l
virtute_l
sui_l
sanguinis_l
preciosi_l
,_p
quomodo_l
Christus_l
filius_l
Dei_l
effudit_l
sanguinem_l
cordis_l
sui_l
et_l
pro_l
tuis_l
sceleribus_l
paciebatur_l
seipsum_l
occidi_l
!_p
Iocundissime_l
fulgebat_l
sol_l
gracie_l
super_l
peccatores_l
ignitis_l
dileccionis_l
radiis_l
,_p
quando_l
Christus_l
paciebatur_l
cor_l
findi_l
proprium_l
pro_l
tua_l
salute_l
._p
Ita_l
fuit_l
iocunda_l
dies_l
solaris_l
gracie_l
que_l
adhuc_l
durat_l
et_l
durabit_l
secundum_l
doctores_l
usque_l
in_l
diem_l
iudicii_l
._p
